<?xml version="1.0" encoding="UTF-8"?>
<testng-results skipped="0" failed="0" ignored="0" total="2" passed="2">
  <reporter-output>
  </reporter-output>
  <suite name="All Test Suite" duration-ms="17688" started-at="2022-02-22T14:02:12Z" finished-at="2022-02-22T14:02:29Z">
    <groups>
    </groups>
    <test name="E:/Automat_testing/FrameworkTest" duration-ms="17688" started-at="2022-02-22T14:02:12Z" finished-at="2022-02-22T14:02:29Z">
      <class name="tests.searchApartment.SearchApartmentTest">
        <test-method status="PASS" signature="checkToRedirectToListing()[pri:0, instance:tests.searchApartment.SearchApartmentTest@51bd8b5c]" name="checkToRedirectToListing" duration-ms="10001" started-at="2022-02-22T14:02:12Z" finished-at="2022-02-22T14:02:22Z">
          <reporter-output>
          </reporter-output>
        </test-method> <!-- checkToRedirectToListing -->
        <test-method status="PASS" signature="takePhoneFirstResultThreeRooms()[pri:0, instance:tests.searchApartment.SearchApartmentTest@51bd8b5c]" name="takePhoneFirstResultThreeRooms" duration-ms="6980" started-at="2022-02-22T14:02:22Z" finished-at="2022-02-22T14:02:29Z">
          <reporter-output>
          </reporter-output>
        </test-method> <!-- takePhoneFirstResultThreeRooms -->
        <test-method status="PASS" signature="clearCookiesAndLocalStorage()[pri:0, instance:tests.searchApartment.SearchApartmentTest@51bd8b5c]" name="clearCookiesAndLocalStorage" is-config="true" duration-ms="507" started-at="2022-02-22T14:02:29Z" finished-at="2022-02-22T14:02:29Z">
          <reporter-output>
          </reporter-output>
        </test-method> <!-- clearCookiesAndLocalStorage -->
        <test-method status="PASS" signature="close()[pri:0, instance:tests.searchApartment.SearchApartmentTest@51bd8b5c]" name="close" is-config="true" duration-ms="1089" started-at="2022-02-22T14:02:29Z" finished-at="2022-02-22T14:02:31Z">
          <reporter-output>
          </reporter-output>
        </test-method> <!-- close -->
      </class> <!-- tests.searchApartment.SearchApartmentTest -->
    </test> <!-- E:/Automat_testing/FrameworkTest -->
  </suite> <!-- All Test Suite -->
</testng-results>
